<?xml version="1.0" encoding="UTF-8"?>
<!-- Generated by org.testng.reporters.JUnitReportReporter -->
<testsuite hostname="TJ-" failures="0" tests="1" name="Demo.Home_Loan" time="0.002" errors="0" timestamp="2024-10-26T10:28:56 IST" skipped="0">
  <testcase classname="Demo.Home_Loan" name="WebLoginHomeLoan" time="0.002"/>
</testsuite> <!-- Demo.Home_Loan -->
