<?xml version="1.0" encoding="UTF-8"?>
<!-- Generated by org.testng.reporters.JUnitReportReporter -->
<testsuite hostname="TJ-" failures="0" tests="3" name="Demo.SecondTestCase" time="0.017" errors="0" timestamp="2024-10-28T20:24:44 IST" skipped="0">
  <testcase classname="Demo.SecondTestCase" name="TestMethod_2" time="0.006"/>
  <testcase classname="Demo.SecondTestCase" name="TestMethod_1" time="0.009"/>
  <testcase classname="Demo.SecondTestCase" name="TestMethod_3" time="0.002"/>
</testsuite> <!-- Demo.SecondTestCase -->
