<?xml version="1.0" encoding="UTF-8"?>
<!-- Generated by org.testng.reporters.JUnitReportReporter -->
<testsuite hostname="TJ-" failures="0" tests="4" name="Demo.DependsOnGroup" time="0.048" errors="0" timestamp="2024-10-26T15:17:47 IST" skipped="0">
  <testcase classname="Demo.DependsOnGroup" name="testMethod" time="0.014"/>
  <testcase classname="Demo.DependsOnGroup" name="groupTestOne" time="0.030"/>
  <testcase classname="Demo.DependsOnGroup" name="groupTestThree" time="0.002"/>
  <testcase classname="Demo.DependsOnGroup" name="groupTestTwo" time="0.002"/>
</testsuite> <!-- Demo.DependsOnGroup -->
