<?xml version="1.0" encoding="UTF-8"?>
<!-- Generated by org.testng.reporters.JUnitReportReporter -->
<testsuite hostname="TJ-" failures="0" tests="1" name="Demo.Car_Loan" time="0.013" errors="0" timestamp="2024-10-26T10:28:56 IST" skipped="0">
  <testcase classname="Demo.Car_Loan" name="WebLoginCaroan" time="0.013"/>
</testsuite> <!-- Demo.Car_Loan -->
