<?xml version="1.0" encoding="UTF-8"?>
<!-- Generated by org.testng.reporters.JUnitReportReporter -->
<testsuite hostname="TJ-" failures="0" tests="1" name="ParallelExecution.ChromeTestClass" time="5.784" errors="0" timestamp="2024-10-27T20:52:36 IST" skipped="0">
  <testcase classname="ParallelExecution.ChromeTestClass" name="chromeTest" time="5.784"/>
</testsuite> <!-- ParallelExecution.ChromeTestClass -->
