<?xml version="1.0" encoding="UTF-8"?>
<!-- Generated by org.testng.reporters.JUnitReportReporter -->
<testsuite hostname="TJ-" failures="0" tests="1" name="Demo.ParametersDemo" time="0.008" errors="0" timestamp="2024-10-26T16:32:40 IST" skipped="0">
  <testcase classname="Demo.ParametersDemo" name="add" time="0.008"/>
</testsuite> <!-- Demo.ParametersDemo -->
