<?xml version="1.0" encoding="UTF-8"?>
<!-- Generated by org.testng.reporters.JUnitReportReporter -->
<testsuite hostname="TJ-" failures="0" tests="3" name="Demo.FirstTestCase" time="0.015" errors="0" timestamp="2024-10-28T20:24:08 IST" skipped="0">
  <testcase classname="Demo.FirstTestCase" name="setup" time="0.008"/>
  <testcase classname="Demo.FirstTestCase" name="login" time="0.004"/>
  <testcase classname="Demo.FirstTestCase" name="close" time="0.003"/>
</testsuite> <!-- Demo.FirstTestCase -->
