<?xml version="1.0" encoding="UTF-8"?>
<!-- Generated by org.testng.reporters.JUnitReportReporter -->
<testsuite hostname="TJ-" failures="0" tests="1" name="Demo.Personal_loan" time="0.003" errors="0" timestamp="2024-10-26T10:28:56 IST" skipped="0">
  <testcase classname="Demo.Personal_loan" name="WebLoginPersonalLoan" time="0.003"/>
</testsuite> <!-- Demo.Personal_loan -->
