<?xml version="1.0" encoding="UTF-8"?>
<!-- Generated by org.testng.reporters.JUnitReportReporter -->
<testsuite hostname="TJ-" failures="0" tests="4" name="Demo.DataProviderDemo" time="0.011" errors="0" timestamp="2024-10-27T15:33:38 IST" skipped="0">
  <testcase classname="Demo.DataProviderDemo" name="add" time="0.002"/>
  <testcase classname="Demo.DataProviderDemo" name="add" time="0.005"/>
  <testcase classname="Demo.DataProviderDemo" name="add" time="0.002"/>
  <testcase classname="Demo.DataProviderDemo" name="add" time="0.002"/>
</testsuite> <!-- Demo.DataProviderDemo -->
