<?xml version="1.0" encoding="UTF-8"?>
<!-- Generated by org.testng.reporters.JUnitReportReporter -->
<testsuite hostname="TJ-" failures="0" tests="2" name="Demo.ParallelTest" time="12.058" errors="0" timestamp="2024-10-27T15:44:52 IST" skipped="0">
  <testcase classname="Demo.ParallelTest" name="method1" time="6.029"/>
  <testcase classname="Demo.ParallelTest" name="method2" time="6.029"/>
</testsuite> <!-- Demo.ParallelTest -->
