<?xml version="1.0" encoding="UTF-8"?>
<!-- Generated by org.testng.reporters.JUnitReportReporter -->
<testsuite hostname="TJ-" failures="0" tests="2" name="ParallelExecution.ParallelTest" time="15.423" errors="0" timestamp="2024-10-27T16:01:43 IST" skipped="0">
  <testcase classname="ParallelExecution.ParallelTest" name="chromeTest" time="5.601"/>
  <testcase classname="ParallelExecution.ParallelTest" name="FireFox" time="9.822"/>
</testsuite> <!-- ParallelExecution.ParallelTest -->
