<?xml version="1.0" encoding="UTF-8"?>
<!-- Generated by org.testng.reporters.JUnitReportReporter -->
<testsuite hostname="TJ-" failures="0" tests="2" name="Demo.AssertionExample" time="0.215" errors="0" timestamp="2024-10-28T16:31:17 IST" skipped="0">
  <testcase classname="Demo.AssertionExample" name="VerifyPageTitle" time="0.087"/>
  <testcase classname="Demo.AssertionExample" name="verifyGoogleImage" time="0.128"/>
</testsuite> <!-- Demo.AssertionExample -->
