<?xml version="1.0" encoding="UTF-8"?>
<!-- Generated by org.testng.reporters.JUnitReportReporter -->
<testsuite hostname="TJ-" failures="0" tests="3" name="Demo.TestNGAnnotation" time="0.011" errors="0" timestamp="2024-10-26T09:39:59 IST" skipped="0">
  <testcase classname="Demo.TestNGAnnotation" name="testMethod1" time="0.003"/>
  <testcase classname="Demo.TestNGAnnotation" name="testMethod3" time="0.002"/>
  <testcase classname="Demo.TestNGAnnotation" name="testMethod2" time="0.006"/>
</testsuite> <!-- Demo.TestNGAnnotation -->
