<?xml version="1.0" encoding="UTF-8"?>
<!-- Generated by org.testng.reporters.JUnitReportReporter -->
<testsuite hostname="TJ-" failures="0" tests="2" name="Demo.TestNGAnnotation2" time="0.051" errors="0" timestamp="2024-10-26T09:29:21 IST" skipped="0">
  <testcase classname="Demo.TestNGAnnotation2" name="testMethod5" time="0.035"/>
  <testcase classname="Demo.TestNGAnnotation2" name="testMethod4" time="0.016"/>
</testsuite> <!-- Demo.TestNGAnnotation2 -->
