<?xml version="1.0" encoding="UTF-8"?>
<!-- Generated by org.testng.reporters.JUnitReportReporter -->
<testsuite hostname="TJ-" failures="0" tests="6" name="Demo.GroupDemo" time="0.016" errors="0" timestamp="2024-10-26T15:17:00 IST" skipped="0">
  <testcase classname="Demo.GroupDemo" name="test2" time="0.004"/>
  <testcase classname="Demo.GroupDemo" name="test5" time="0.001"/>
  <testcase classname="Demo.GroupDemo" name="test3" time="0.001"/>
  <testcase classname="Demo.GroupDemo" name="test6" time="0.000"/>
  <testcase classname="Demo.GroupDemo" name="test4" time="0.001"/>
  <testcase classname="Demo.GroupDemo" name="test1" time="0.009"/>
</testsuite> <!-- Demo.GroupDemo -->
