<?xml version="1.0" encoding="UTF-8"?>
<!-- Generated by org.testng.reporters.JUnitReportReporter -->
<testsuite hostname="TJ-" failures="0" tests="3" name="Demo.Dependent" time="0.013" errors="0" timestamp="2024-10-26T15:07:22 IST" skipped="0">
  <testcase classname="Demo.Dependent" name="OpenBrowser" time="0.008"/>
  <testcase classname="Demo.Dependent" name="SignIn" time="0.001"/>
  <testcase classname="Demo.Dependent" name="Logout" time="0.004"/>
</testsuite> <!-- Demo.Dependent -->
