<?xml version="1.0" encoding="UTF-8"?>
<!-- Generated by org.testng.reporters.JUnitReportReporter -->
<testsuite hostname="TJ-" failures="0" tests="6" name="Demo.PriorityDemo" time="0.022" errors="0" timestamp="2024-10-26T09:59:09 IST" skipped="2">
  <testcase classname="Demo.PriorityDemo" name="OpenBrowser" time="0.019"/>
  <testcase classname="Demo.PriorityDemo" name="OpenAccount" time="0.001"/>
  <testcase classname="Demo.PriorityDemo" name="SaveAccount" time="0.002"/>
  <testcase classname="Demo.PriorityDemo" name="CloseBrowser" time="0.000"/>
  <testcase classname="Demo.PriorityDemo" name="ReadManual">
    <skipped/>
  </testcase> <!-- ReadManual -->
  <testcase classname="Demo.PriorityDemo" name="PrepareDetails">
    <skipped/>
  </testcase> <!-- PrepareDetails -->
</testsuite> <!-- Demo.PriorityDemo -->
